<?xml version="1.0" encoding="UTF-8"?>
<!-- Generated by org.testng.reporters.JUnitReportReporter -->
<testsuite hostname="DESKTOP-L2N6RGM" name="testsuite.TestCase1" tests="3" failures="0" timestamp="19 Apr 2021 18:23:32 GMT" time="0.022" errors="0">
  <testcase name="test1" time="0.006" classname="testsuite.TestCase1"/>
  <testcase name="otherTest" time="0.003" classname="testsuite.TestCase1"/>
  <testcase name="test2" time="0.013" classname="testsuite.TestCase1"/>
</testsuite>
