<?xml version="1.0" encoding="UTF-8"?>
<!-- Generated by org.testng.reporters.JUnitReportReporter -->
<testsuite hostname="DESKTOP-L2N6RGM" name="testsuite.ApachePOI" tests="1" failures="0" timestamp="23 Apr 2021 18:41:56 GMT" time="12.155" errors="0">
  <testcase name="login" time="12.155" classname="testsuite.ApachePOI"/>
</testsuite>
