<?xml version="1.0" encoding="UTF-8"?>
<!-- Generated by org.testng.reporters.JUnitReportReporter -->
<testsuite hostname="DESKTOP-L2N6RGM" name="testsuite.Testcase2" tests="2" failures="0" timestamp="19 Apr 2021 18:23:07 GMT" time="0.010" errors="0">
  <testcase name="test4" time="0.004" classname="testsuite.Testcase2"/>
  <testcase name="test3" time="0.006" classname="testsuite.Testcase2"/>
</testsuite>
