<?xml version="1.0" encoding="UTF-8"?>
<!-- Generated by org.testng.reporters.JUnitReportReporter -->
<testsuite hostname="DESKTOP-L2N6RGM" name="testsuite.LoginTest" tests="1" failures="0" timestamp="23 Apr 2021 19:24:17 GMT" time="14.433" errors="0">
  <testcase name="loginpage" time="14.433" classname="testsuite.LoginTest"/>
</testsuite>
